<?xml version="1.0" encoding="UTF-8"?>
<testng-results ignored="0" total="4" passed="3" failed="1" skipped="0">
  <reporter-output>
  </reporter-output>
  <suite started-at="2022-04-28T09:40:34 IST" name="Suite" finished-at="2022-04-28T09:41:51 IST" duration-ms="76818">
    <groups>
    </groups>
    <test started-at="2022-04-28T09:40:34 IST" name="Test" finished-at="2022-04-28T09:41:51 IST" duration-ms="76818">
      <class name="com.upstox.tests.HomePageTest">
        <test-method is-config="true" signature="setup()[pri:0, instance:com.upstox.tests.HomePageTest@543588e6]" started-at="2022-04-28T09:41:32 IST" name="setup" finished-at="2022-04-28T09:41:38 IST" duration-ms="6699" status="PASS">
          <reporter-output>
          </reporter-output>
        </test-method> <!-- setup -->
        <test-method signature="validateBuyingFun()[pri:1, instance:com.upstox.tests.HomePageTest@543588e6]" started-at="2022-04-28T09:41:38 IST" name="validateBuyingFun" finished-at="2022-04-28T09:41:50 IST" duration-ms="11328" status="PASS">
          <reporter-output>
          </reporter-output>
        </test-method> <!-- validateBuyingFun -->
        <test-method is-config="true" signature="closeTest()[pri:0, instance:com.upstox.tests.HomePageTest@543588e6]" started-at="2022-04-28T09:41:50 IST" name="closeTest" finished-at="2022-04-28T09:41:51 IST" duration-ms="1557" status="PASS">
          <reporter-output>
          </reporter-output>
        </test-method> <!-- closeTest -->
      </class> <!-- com.upstox.tests.HomePageTest -->
      <class name="com.upstox.tests.SignInPageTest">
        <test-method is-config="true" signature="setup()[pri:0, instance:com.upstox.tests.SignInPageTest@6d4e5011]" started-at="2022-04-28T09:40:34 IST" name="setup" finished-at="2022-04-28T09:40:44 IST" duration-ms="9533" status="PASS">
          <reporter-output>
          </reporter-output>
        </test-method> <!-- setup -->
        <test-method signature="validateSignInPage()[pri:0, instance:com.upstox.tests.SignInPageTest@6d4e5011]" started-at="2022-04-28T09:40:44 IST" name="validateSignInPage" finished-at="2022-04-28T09:40:44 IST" duration-ms="194" status="PASS">
          <reporter-output>
          </reporter-output>
        </test-method> <!-- validateSignInPage -->
        <test-method is-config="true" signature="teardown()[pri:0, instance:com.upstox.tests.SignInPageTest@6d4e5011]" started-at="2022-04-28T09:40:44 IST" name="teardown" finished-at="2022-04-28T09:40:45 IST" duration-ms="961" status="PASS">
          <reporter-output>
          </reporter-output>
        </test-method> <!-- teardown -->
        <test-method is-config="true" signature="setup()[pri:0, instance:com.upstox.tests.SignInPageTest@6d4e5011]" started-at="2022-04-28T09:40:45 IST" name="setup" finished-at="2022-04-28T09:40:52 IST" duration-ms="6551" status="PASS">
          <reporter-output>
          </reporter-output>
        </test-method> <!-- setup -->
        <test-method signature="validateSignInFunWithCurroctIdPass()[pri:1, instance:com.upstox.tests.SignInPageTest@6d4e5011]" started-at="2022-04-28T09:40:52 IST" name="validateSignInFunWithCurroctIdPass" finished-at="2022-04-28T09:41:22 IST" duration-ms="30581" status="FAIL">
          <exception class="org.openqa.selenium.NoSuchElementException">
            <message>
              <![CDATA[no such element: Unable to locate element: {"method":"xpath","selector":"//input[@name='yob']"}
  (Session info: chrome=100.0.4896.127)
For documentation on this error, please visit: https://www.seleniumhq.org/exceptions/no_such_element.html
Build info: version: '3.141.59', revision: 'e82be7d358', time: '2018-11-14T08:17:03'
System info: host: 'DESKTOP-MHPIMKC', ip: '192.168.31.186', os.name: 'Windows 10', os.arch: 'amd64', os.version: '10.0', java.version: '15.0.1'
Driver info: org.openqa.selenium.chrome.ChromeDriver
Capabilities {acceptInsecureCerts: false, browserName: chrome, browserVersion: 100.0.4896.127, chrome: {chromedriverVersion: 100.0.4896.60 (6a5d10861ce8..., userDataDir: C:\Users\Santosh\AppData\Lo...}, goog:chromeOptions: {debuggerAddress: localhost:54690}, javascriptEnabled: true, networkConnectionEnabled: false, pageLoadStrategy: normal, platform: WINDOWS, platformName: WINDOWS, proxy: Proxy(), setWindowRect: true, strictFileInteractability: false, timeouts: {implicit: 0, pageLoad: 300000, script: 30000}, unhandledPromptBehavior: dismiss and notify, webauthn:extension:credBlob: true, webauthn:extension:largeBlob: true, webauthn:virtualAuthenticators: true}
Session ID: e70964edc903c4ec8c4a5e245413205d
*** Element info: {Using=xpath, value=//input[@name='yob']}]]>
            </message>
            <full-stacktrace>
              <![CDATA[org.openqa.selenium.NoSuchElementException: no such element: Unable to locate element: {"method":"xpath","selector":"//input[@name='yob']"}
  (Session info: chrome=100.0.4896.127)
For documentation on this error, please visit: https://www.seleniumhq.org/exceptions/no_such_element.html
Build info: version: '3.141.59', revision: 'e82be7d358', time: '2018-11-14T08:17:03'
System info: host: 'DESKTOP-MHPIMKC', ip: '192.168.31.186', os.name: 'Windows 10', os.arch: 'amd64', os.version: '10.0', java.version: '15.0.1'
Driver info: org.openqa.selenium.chrome.ChromeDriver
Capabilities {acceptInsecureCerts: false, browserName: chrome, browserVersion: 100.0.4896.127, chrome: {chromedriverVersion: 100.0.4896.60 (6a5d10861ce8..., userDataDir: C:\Users\Santosh\AppData\Lo...}, goog:chromeOptions: {debuggerAddress: localhost:54690}, javascriptEnabled: true, networkConnectionEnabled: false, pageLoadStrategy: normal, platform: WINDOWS, platformName: WINDOWS, proxy: Proxy(), setWindowRect: true, strictFileInteractability: false, timeouts: {implicit: 0, pageLoad: 300000, script: 30000}, unhandledPromptBehavior: dismiss and notify, webauthn:extension:credBlob: true, webauthn:extension:largeBlob: true, webauthn:virtualAuthenticators: true}
Session ID: e70964edc903c4ec8c4a5e245413205d
*** Element info: {Using=xpath, value=//input[@name='yob']}
at java.base/jdk.internal.reflect.NativeConstructorAccessorImpl.newInstance0(Native Method)
at java.base/jdk.internal.reflect.NativeConstructorAccessorImpl.newInstance(NativeConstructorAccessorImpl.java:64)
at java.base/jdk.internal.reflect.DelegatingConstructorAccessorImpl.newInstance(DelegatingConstructorAccessorImpl.java:45)
at java.base/java.lang.reflect.Constructor.newInstanceWithCaller(Constructor.java:500)
at java.base/java.lang.reflect.Constructor.newInstance(Constructor.java:481)
at org.openqa.selenium.remote.http.W3CHttpResponseCodec.createException(W3CHttpResponseCodec.java:187)
at org.openqa.selenium.remote.http.W3CHttpResponseCodec.decode(W3CHttpResponseCodec.java:122)
at org.openqa.selenium.remote.http.W3CHttpResponseCodec.decode(W3CHttpResponseCodec.java:49)
at org.openqa.selenium.remote.HttpCommandExecutor.execute(HttpCommandExecutor.java:158)
at org.openqa.selenium.remote.service.DriverCommandExecutor.execute(DriverCommandExecutor.java:83)
at org.openqa.selenium.remote.RemoteWebDriver.execute(RemoteWebDriver.java:552)
at org.openqa.selenium.remote.RemoteWebDriver.findElement(RemoteWebDriver.java:323)
at org.openqa.selenium.remote.RemoteWebDriver.findElementByXPath(RemoteWebDriver.java:428)
at org.openqa.selenium.By$ByXPath.findElement(By.java:353)
at org.openqa.selenium.remote.RemoteWebDriver.findElement(RemoteWebDriver.java:315)
at org.openqa.selenium.support.pagefactory.DefaultElementLocator.findElement(DefaultElementLocator.java:69)
at org.openqa.selenium.support.pagefactory.internal.LocatingElementHandler.invoke(LocatingElementHandler.java:38)
at com.sun.proxy.$Proxy11.isDisplayed(Unknown Source)
at com.upstox.pages.PassCodePage.verifyOnPasscodePage(PassCodePage.java:30)
at com.upstox.tests.SignInPageTest.validateSignInFunWithCurroctIdPass(SignInPageTest.java:31)
at java.base/jdk.internal.reflect.NativeMethodAccessorImpl.invoke0(Native Method)
at java.base/jdk.internal.reflect.NativeMethodAccessorImpl.invoke(NativeMethodAccessorImpl.java:64)
at java.base/jdk.internal.reflect.DelegatingMethodAccessorImpl.invoke(DelegatingMethodAccessorImpl.java:43)
at java.base/java.lang.reflect.Method.invoke(Method.java:564)
at org.testng.internal.invokers.MethodInvocationHelper.invokeMethod(MethodInvocationHelper.java:135)
at org.testng.internal.invokers.TestInvoker.invokeMethod(TestInvoker.java:673)
at org.testng.internal.invokers.TestInvoker.invokeTestMethod(TestInvoker.java:220)
at org.testng.internal.invokers.MethodRunner.runInSequence(MethodRunner.java:50)
at org.testng.internal.invokers.TestInvoker$MethodInvocationAgent.invoke(TestInvoker.java:945)
at org.testng.internal.invokers.TestInvoker.invokeTestMethods(TestInvoker.java:193)
at org.testng.internal.invokers.TestMethodWorker.invokeTestMethods(TestMethodWorker.java:146)
at org.testng.internal.invokers.TestMethodWorker.run(TestMethodWorker.java:128)
at java.base/java.util.ArrayList.forEach(ArrayList.java:1511)
at org.testng.TestRunner.privateRun(TestRunner.java:808)
at org.testng.TestRunner.run(TestRunner.java:603)
at org.testng.SuiteRunner.runTest(SuiteRunner.java:429)
at org.testng.SuiteRunner.runSequentially(SuiteRunner.java:423)
at org.testng.SuiteRunner.privateRun(SuiteRunner.java:383)
at org.testng.SuiteRunner.run(SuiteRunner.java:326)
at org.testng.SuiteRunnerWorker.runSuite(SuiteRunnerWorker.java:52)
at org.testng.SuiteRunnerWorker.run(SuiteRunnerWorker.java:95)
at org.testng.TestNG.runSuitesSequentially(TestNG.java:1249)
at org.testng.TestNG.runSuitesLocally(TestNG.java:1169)
at org.testng.TestNG.runSuites(TestNG.java:1092)
at org.testng.TestNG.run(TestNG.java:1060)
at org.testng.remote.AbstractRemoteTestNG.run(AbstractRemoteTestNG.java:115)
at org.testng.remote.RemoteTestNG.initAndRun(RemoteTestNG.java:251)
at org.testng.remote.RemoteTestNG.main(RemoteTestNG.java:77)
]]>
            </full-stacktrace>
          </exception> <!-- org.openqa.selenium.NoSuchElementException -->
          <reporter-output>
          </reporter-output>
        </test-method> <!-- validateSignInFunWithCurroctIdPass -->
        <test-method is-config="true" signature="teardown()[pri:0, instance:com.upstox.tests.SignInPageTest@6d4e5011]" started-at="2022-04-28T09:41:22 IST" name="teardown" finished-at="2022-04-28T09:41:23 IST" duration-ms="959" status="PASS">
          <reporter-output>
          </reporter-output>
        </test-method> <!-- teardown -->
        <test-method is-config="true" signature="setup()[pri:0, instance:com.upstox.tests.SignInPageTest@6d4e5011]" started-at="2022-04-28T09:41:23 IST" name="setup" finished-at="2022-04-28T09:41:30 IST" duration-ms="6590" status="PASS">
          <reporter-output>
          </reporter-output>
        </test-method> <!-- setup -->
        <test-method signature="validateSignInFunWithIncurroctIdPass()[pri:2, instance:com.upstox.tests.SignInPageTest@6d4e5011]" started-at="2022-04-28T09:41:30 IST" name="validateSignInFunWithIncurroctIdPass" finished-at="2022-04-28T09:41:31 IST" duration-ms="805" status="PASS">
          <reporter-output>
          </reporter-output>
        </test-method> <!-- validateSignInFunWithIncurroctIdPass -->
        <test-method is-config="true" signature="teardown()[pri:0, instance:com.upstox.tests.SignInPageTest@6d4e5011]" started-at="2022-04-28T09:41:31 IST" name="teardown" finished-at="2022-04-28T09:41:32 IST" duration-ms="974" status="PASS">
          <reporter-output>
          </reporter-output>
        </test-method> <!-- teardown -->
      </class> <!-- com.upstox.tests.SignInPageTest -->
    </test> <!-- Test -->
  </suite> <!-- Suite -->
</testng-results>
